<?xml version="1.0" encoding="UTF-8"?>
<!-- Generated by org.testng.reporters.JUnitReportReporter -->
<testsuite skipped="0" hostname="IRONMAN" name="LambdaTest" tests="1" failures="0" timestamp="2022-01-30T00:57:32 IST" time="5.406" errors="0">
  <testcase name="testScript" time="5.406" classname="LambdaTest"/>
</testsuite> <!-- LambdaTest -->
