<?xml version="1.0" encoding="UTF-8"?>
<!-- Generated by org.testng.reporters.JUnitReportReporter -->
<testsuite hostname="Prathamesh" failures="0" tests="3" name="com.mindtree.runners.LambdaTest" time="62.189" errors="0" timestamp="2022-04-24T19:41:28 IST" skipped="0">
  <testcase classname="com.mindtree.runners.LambdaTest" name="test2" time="38.273"/>
  <system-out/>
  <testcase classname="com.mindtree.runners.LambdaTest" name="test3" time="8.528"/>
  <system-out/>
  <testcase classname="com.mindtree.runners.LambdaTest" name="test1" time="15.388"/>
  <system-out/>
</testsuite> <!-- com.mindtree.runners.LambdaTest -->
